INFO  [main] web.WebTestContextBootstrapper.[] Jul/30 07:27:36 - Loaded default TestExecutionListener class names from location [META-INF/spring.factories]: [org.springframework.test.context.web.ServletTestExecutionListener, org.springframework.test.context.support.DirtiesContextBeforeModesTestExecutionListener, org.springframework.test.context.support.DependencyInjectionTestExecutionListener, org.springframework.test.context.support.DirtiesContextTestExecutionListener, org.springframework.test.context.transaction.TransactionalTestExecutionListener, org.springframework.test.context.jdbc.SqlScriptsTestExecutionListener, org.springframework.test.context.event.EventPublishingTestExecutionListener]
INFO  [main] web.WebTestContextBootstrapper.[] Jul/30 07:27:36 - Using TestExecutionListeners: [org.springframework.test.context.web.ServletTestExecutionListener@376b4233, org.springframework.test.context.support.DirtiesContextBeforeModesTestExecutionListener@2fd66ad3, org.springframework.test.context.support.DependencyInjectionTestExecutionListener@5d11346a, org.springframework.test.context.support.DirtiesContextTestExecutionListener@7a36aefa, org.springframework.test.context.event.EventPublishingTestExecutionListener@17211155]
INFO  [main] web.WebTestContextBootstrapper.[] Jul/30 07:27:36 - Loaded default TestExecutionListener class names from location [META-INF/spring.factories]: [org.springframework.test.context.web.ServletTestExecutionListener, org.springframework.test.context.support.DirtiesContextBeforeModesTestExecutionListener, org.springframework.test.context.support.DependencyInjectionTestExecutionListener, org.springframework.test.context.support.DirtiesContextTestExecutionListener, org.springframework.test.context.transaction.TransactionalTestExecutionListener, org.springframework.test.context.jdbc.SqlScriptsTestExecutionListener, org.springframework.test.context.event.EventPublishingTestExecutionListener]
INFO  [main] web.WebTestContextBootstrapper.[] Jul/30 07:27:36 - Using TestExecutionListeners: [org.springframework.test.context.web.ServletTestExecutionListener@10d59286, org.springframework.test.context.support.DirtiesContextBeforeModesTestExecutionListener@fe18270, org.springframework.test.context.support.DependencyInjectionTestExecutionListener@6fb0d3ed, org.springframework.test.context.support.DirtiesContextTestExecutionListener@6dde5c8c, org.springframework.test.context.event.EventPublishingTestExecutionListener@5123a213]
ERROR [main] context.TestContextManager.[] Jul/30 07:27:36 - Caught exception while allowing TestExecutionListener [org.springframework.test.context.web.ServletTestExecutionListener@376b4233] to prepare test instance [thredds.server.catalogservice.CatalogControllerTest@7ff95560]
java.lang.IllegalStateException: Failed to load ApplicationContext
	at org.springframework.test.context.cache.DefaultCacheAwareContextLoaderDelegate.loadContext(DefaultCacheAwareContextLoaderDelegate.java:132)
	at org.springframework.test.context.support.DefaultTestContext.getApplicationContext(DefaultTestContext.java:123)
	at org.springframework.test.context.web.ServletTestExecutionListener.setUpRequestContextIfNecessary(ServletTestExecutionListener.java:190)
	at org.springframework.test.context.web.ServletTestExecutionListener.prepareTestInstance(ServletTestExecutionListener.java:132)
	at org.springframework.test.context.TestContextManager.prepareTestInstance(TestContextManager.java:244)
	at thredds.junit4.SpringJUnit4ParameterizedClassRunner$TestClassRunnerForParameters.createTest(SpringJUnit4ParameterizedClassRunner.java:127)
	at thredds.junit4.SpringJUnit4ParameterizedClassRunner$TestClassRunnerForParameters$1.runReflectiveCall(SpringJUnit4ParameterizedClassRunner.java:352)
	at org.junit.internal.runners.model.ReflectiveCallable.run(ReflectiveCallable.java:12)
	at thredds.junit4.SpringJUnit4ParameterizedClassRunner$TestClassRunnerForParameters.methodBlock(SpringJUnit4ParameterizedClassRunner.java:354)
	at thredds.junit4.SpringJUnit4ParameterizedClassRunner$TestClassRunnerForParameters.runChild(SpringJUnit4ParameterizedClassRunner.java:294)
	at thredds.junit4.SpringJUnit4ParameterizedClassRunner$TestClassRunnerForParameters.runChild(SpringJUnit4ParameterizedClassRunner.java:92)
	at org.junit.runners.ParentRunner$3.run(ParentRunner.java:290)
	at org.junit.runners.ParentRunner$1.schedule(ParentRunner.java:71)
	at org.junit.runners.ParentRunner.runChildren(ParentRunner.java:288)
	at org.junit.runners.ParentRunner.access$000(ParentRunner.java:58)
	at org.junit.runners.ParentRunner$2.evaluate(ParentRunner.java:268)
	at org.junit.runners.ParentRunner.run(ParentRunner.java:363)
	at thredds.junit4.SpringJUnit4ParameterizedClassRunner$TestClassRunnerForParameters.run(SpringJUnit4ParameterizedClassRunner.java:248)
	at org.junit.runners.Suite.runChild(Suite.java:128)
	at org.junit.runners.Suite.runChild(Suite.java:27)
	at org.junit.runners.ParentRunner$3.run(ParentRunner.java:290)
	at org.junit.runners.ParentRunner$1.schedule(ParentRunner.java:71)
	at org.junit.runners.ParentRunner.runChildren(ParentRunner.java:288)
	at org.junit.runners.ParentRunner.access$000(ParentRunner.java:58)
	at org.junit.runners.ParentRunner$2.evaluate(ParentRunner.java:268)
	at org.junit.runners.ParentRunner.run(ParentRunner.java:363)
	at org.junit.runner.JUnitCore.run(JUnitCore.java:137)
	at com.intellij.junit4.JUnit4IdeaTestRunner.startRunnerWithArgs(JUnit4IdeaTestRunner.java:68)
	at com.intellij.rt.junit.IdeaTestRunner$Repeater.startRunnerWithArgs(IdeaTestRunner.java:33)
	at com.intellij.rt.junit.JUnitStarter.prepareStreamsAndStart(JUnitStarter.java:230)
	at com.intellij.rt.junit.JUnitStarter.main(JUnitStarter.java:58)
Caused by: org.springframework.beans.factory.BeanDefinitionStoreException: IOException parsing XML document from class path resource [WEB-INF/applicationContext.xml]; nested exception is java.io.FileNotFoundException: class path resource [WEB-INF/applicationContext.xml] cannot be opened because it does not exist
	at org.springframework.beans.factory.xml.XmlBeanDefinitionReader.loadBeanDefinitions(XmlBeanDefinitionReader.java:342)
	at org.springframework.beans.factory.xml.XmlBeanDefinitionReader.loadBeanDefinitions(XmlBeanDefinitionReader.java:310)
	at org.springframework.beans.factory.support.AbstractBeanDefinitionReader.loadBeanDefinitions(AbstractBeanDefinitionReader.java:188)
	at org.springframework.beans.factory.support.AbstractBeanDefinitionReader.loadBeanDefinitions(AbstractBeanDefinitionReader.java:224)
	at org.springframework.beans.factory.support.AbstractBeanDefinitionReader.loadBeanDefinitions(AbstractBeanDefinitionReader.java:195)
	at org.springframework.web.context.support.XmlWebApplicationContext.loadBeanDefinitions(XmlWebApplicationContext.java:125)
	at org.springframework.web.context.support.XmlWebApplicationContext.loadBeanDefinitions(XmlWebApplicationContext.java:94)
	at org.springframework.context.support.AbstractRefreshableApplicationContext.refreshBeanFactory(AbstractRefreshableApplicationContext.java:130)
	at org.springframework.context.support.AbstractApplicationContext.obtainFreshBeanFactory(AbstractApplicationContext.java:638)
	at org.springframework.context.support.AbstractApplicationContext.refresh(AbstractApplicationContext.java:523)
	at thredds.mock.web.MockTdsContextLoader.loadContext(MockTdsContextLoader.java:37)
	at thredds.mock.web.MockTdsContextLoader.loadContext(MockTdsContextLoader.java:25)
	at org.springframework.test.context.cache.DefaultCacheAwareContextLoaderDelegate.loadContextInternal(DefaultCacheAwareContextLoaderDelegate.java:99)
	at org.springframework.test.context.cache.DefaultCacheAwareContextLoaderDelegate.loadContext(DefaultCacheAwareContextLoaderDelegate.java:124)
	... 30 more
Caused by: java.io.FileNotFoundException: class path resource [WEB-INF/applicationContext.xml] cannot be opened because it does not exist
	at org.springframework.core.io.ClassPathResource.getInputStream(ClassPathResource.java:180)
	at org.springframework.beans.factory.xml.XmlBeanDefinitionReader.loadBeanDefinitions(XmlBeanDefinitionReader.java:333)
	... 43 more
ERROR [main] context.TestContextManager.[] Jul/30 07:27:36 - Caught exception while allowing TestExecutionListener [org.springframework.test.context.web.ServletTestExecutionListener@376b4233] to prepare test instance [thredds.server.catalogservice.CatalogControllerTest@f8c1ddd]
java.lang.IllegalStateException: Failed to load ApplicationContext
	at org.springframework.test.context.cache.DefaultCacheAwareContextLoaderDelegate.loadContext(DefaultCacheAwareContextLoaderDelegate.java:132)
	at org.springframework.test.context.support.DefaultTestContext.getApplicationContext(DefaultTestContext.java:123)
	at org.springframework.test.context.web.ServletTestExecutionListener.setUpRequestContextIfNecessary(ServletTestExecutionListener.java:190)
	at org.springframework.test.context.web.ServletTestExecutionListener.prepareTestInstance(ServletTestExecutionListener.java:132)
	at org.springframework.test.context.TestContextManager.prepareTestInstance(TestContextManager.java:244)
	at thredds.junit4.SpringJUnit4ParameterizedClassRunner$TestClassRunnerForParameters.createTest(SpringJUnit4ParameterizedClassRunner.java:127)
	at thredds.junit4.SpringJUnit4ParameterizedClassRunner$TestClassRunnerForParameters$1.runReflectiveCall(SpringJUnit4ParameterizedClassRunner.java:352)
	at org.junit.internal.runners.model.ReflectiveCallable.run(ReflectiveCallable.java:12)
	at thredds.junit4.SpringJUnit4ParameterizedClassRunner$TestClassRunnerForParameters.methodBlock(SpringJUnit4ParameterizedClassRunner.java:354)
	at thredds.junit4.SpringJUnit4ParameterizedClassRunner$TestClassRunnerForParameters.runChild(SpringJUnit4ParameterizedClassRunner.java:294)
	at thredds.junit4.SpringJUnit4ParameterizedClassRunner$TestClassRunnerForParameters.runChild(SpringJUnit4ParameterizedClassRunner.java:92)
	at org.junit.runners.ParentRunner$3.run(ParentRunner.java:290)
	at org.junit.runners.ParentRunner$1.schedule(ParentRunner.java:71)
	at org.junit.runners.ParentRunner.runChildren(ParentRunner.java:288)
	at org.junit.runners.ParentRunner.access$000(ParentRunner.java:58)
	at org.junit.runners.ParentRunner$2.evaluate(ParentRunner.java:268)
	at org.junit.runners.ParentRunner.run(ParentRunner.java:363)
	at thredds.junit4.SpringJUnit4ParameterizedClassRunner$TestClassRunnerForParameters.run(SpringJUnit4ParameterizedClassRunner.java:248)
	at org.junit.runners.Suite.runChild(Suite.java:128)
	at org.junit.runners.Suite.runChild(Suite.java:27)
	at org.junit.runners.ParentRunner$3.run(ParentRunner.java:290)
	at org.junit.runners.ParentRunner$1.schedule(ParentRunner.java:71)
	at org.junit.runners.ParentRunner.runChildren(ParentRunner.java:288)
	at org.junit.runners.ParentRunner.access$000(ParentRunner.java:58)
	at org.junit.runners.ParentRunner$2.evaluate(ParentRunner.java:268)
	at org.junit.runners.ParentRunner.run(ParentRunner.java:363)
	at org.junit.runner.JUnitCore.run(JUnitCore.java:137)
	at com.intellij.junit4.JUnit4IdeaTestRunner.startRunnerWithArgs(JUnit4IdeaTestRunner.java:68)
	at com.intellij.rt.junit.IdeaTestRunner$Repeater.startRunnerWithArgs(IdeaTestRunner.java:33)
	at com.intellij.rt.junit.JUnitStarter.prepareStreamsAndStart(JUnitStarter.java:230)
	at com.intellij.rt.junit.JUnitStarter.main(JUnitStarter.java:58)
Caused by: org.springframework.beans.factory.BeanDefinitionStoreException: IOException parsing XML document from class path resource [WEB-INF/applicationContext.xml]; nested exception is java.io.FileNotFoundException: class path resource [WEB-INF/applicationContext.xml] cannot be opened because it does not exist
	at org.springframework.beans.factory.xml.XmlBeanDefinitionReader.loadBeanDefinitions(XmlBeanDefinitionReader.java:342)
	at org.springframework.beans.factory.xml.XmlBeanDefinitionReader.loadBeanDefinitions(XmlBeanDefinitionReader.java:310)
	at org.springframework.beans.factory.support.AbstractBeanDefinitionReader.loadBeanDefinitions(AbstractBeanDefinitionReader.java:188)
	at org.springframework.beans.factory.support.AbstractBeanDefinitionReader.loadBeanDefinitions(AbstractBeanDefinitionReader.java:224)
	at org.springframework.beans.factory.support.AbstractBeanDefinitionReader.loadBeanDefinitions(AbstractBeanDefinitionReader.java:195)
	at org.springframework.web.context.support.XmlWebApplicationContext.loadBeanDefinitions(XmlWebApplicationContext.java:125)
	at org.springframework.web.context.support.XmlWebApplicationContext.loadBeanDefinitions(XmlWebApplicationContext.java:94)
	at org.springframework.context.support.AbstractRefreshableApplicationContext.refreshBeanFactory(AbstractRefreshableApplicationContext.java:130)
	at org.springframework.context.support.AbstractApplicationContext.obtainFreshBeanFactory(AbstractApplicationContext.java:638)
	at org.springframework.context.support.AbstractApplicationContext.refresh(AbstractApplicationContext.java:523)
	at thredds.mock.web.MockTdsContextLoader.loadContext(MockTdsContextLoader.java:37)
	at thredds.mock.web.MockTdsContextLoader.loadContext(MockTdsContextLoader.java:25)
	at org.springframework.test.context.cache.DefaultCacheAwareContextLoaderDelegate.loadContextInternal(DefaultCacheAwareContextLoaderDelegate.java:99)
	at org.springframework.test.context.cache.DefaultCacheAwareContextLoaderDelegate.loadContext(DefaultCacheAwareContextLoaderDelegate.java:124)
	... 30 more
Caused by: java.io.FileNotFoundException: class path resource [WEB-INF/applicationContext.xml] cannot be opened because it does not exist
	at org.springframework.core.io.ClassPathResource.getInputStream(ClassPathResource.java:180)
	at org.springframework.beans.factory.xml.XmlBeanDefinitionReader.loadBeanDefinitions(XmlBeanDefinitionReader.java:333)
	... 43 more
ERROR [main] context.TestContextManager.[] Jul/30 07:27:36 - Caught exception while allowing TestExecutionListener [org.springframework.test.context.web.ServletTestExecutionListener@10d59286] to prepare test instance [thredds.server.catalogservice.CatalogControllerTest@1e730495]
java.lang.IllegalStateException: Failed to load ApplicationContext
	at org.springframework.test.context.cache.DefaultCacheAwareContextLoaderDelegate.loadContext(DefaultCacheAwareContextLoaderDelegate.java:132)
	at org.springframework.test.context.support.DefaultTestContext.getApplicationContext(DefaultTestContext.java:123)
	at org.springframework.test.context.web.ServletTestExecutionListener.setUpRequestContextIfNecessary(ServletTestExecutionListener.java:190)
	at org.springframework.test.context.web.ServletTestExecutionListener.prepareTestInstance(ServletTestExecutionListener.java:132)
	at org.springframework.test.context.TestContextManager.prepareTestInstance(TestContextManager.java:244)
	at thredds.junit4.SpringJUnit4ParameterizedClassRunner$TestClassRunnerForParameters.createTest(SpringJUnit4ParameterizedClassRunner.java:127)
	at thredds.junit4.SpringJUnit4ParameterizedClassRunner$TestClassRunnerForParameters$1.runReflectiveCall(SpringJUnit4ParameterizedClassRunner.java:352)
	at org.junit.internal.runners.model.ReflectiveCallable.run(ReflectiveCallable.java:12)
	at thredds.junit4.SpringJUnit4ParameterizedClassRunner$TestClassRunnerForParameters.methodBlock(SpringJUnit4ParameterizedClassRunner.java:354)
	at thredds.junit4.SpringJUnit4ParameterizedClassRunner$TestClassRunnerForParameters.runChild(SpringJUnit4ParameterizedClassRunner.java:294)
	at thredds.junit4.SpringJUnit4ParameterizedClassRunner$TestClassRunnerForParameters.runChild(SpringJUnit4ParameterizedClassRunner.java:92)
	at org.junit.runners.ParentRunner$3.run(ParentRunner.java:290)
	at org.junit.runners.ParentRunner$1.schedule(ParentRunner.java:71)
	at org.junit.runners.ParentRunner.runChildren(ParentRunner.java:288)
	at org.junit.runners.ParentRunner.access$000(ParentRunner.java:58)
	at org.junit.runners.ParentRunner$2.evaluate(ParentRunner.java:268)
	at org.junit.runners.ParentRunner.run(ParentRunner.java:363)
	at thredds.junit4.SpringJUnit4ParameterizedClassRunner$TestClassRunnerForParameters.run(SpringJUnit4ParameterizedClassRunner.java:248)
	at org.junit.runners.Suite.runChild(Suite.java:128)
	at org.junit.runners.Suite.runChild(Suite.java:27)
	at org.junit.runners.ParentRunner$3.run(ParentRunner.java:290)
	at org.junit.runners.ParentRunner$1.schedule(ParentRunner.java:71)
	at org.junit.runners.ParentRunner.runChildren(ParentRunner.java:288)
	at org.junit.runners.ParentRunner.access$000(ParentRunner.java:58)
	at org.junit.runners.ParentRunner$2.evaluate(ParentRunner.java:268)
	at org.junit.runners.ParentRunner.run(ParentRunner.java:363)
	at org.junit.runner.JUnitCore.run(JUnitCore.java:137)
	at com.intellij.junit4.JUnit4IdeaTestRunner.startRunnerWithArgs(JUnit4IdeaTestRunner.java:68)
	at com.intellij.rt.junit.IdeaTestRunner$Repeater.startRunnerWithArgs(IdeaTestRunner.java:33)
	at com.intellij.rt.junit.JUnitStarter.prepareStreamsAndStart(JUnitStarter.java:230)
	at com.intellij.rt.junit.JUnitStarter.main(JUnitStarter.java:58)
Caused by: org.springframework.beans.factory.BeanDefinitionStoreException: IOException parsing XML document from class path resource [WEB-INF/applicationContext.xml]; nested exception is java.io.FileNotFoundException: class path resource [WEB-INF/applicationContext.xml] cannot be opened because it does not exist
	at org.springframework.beans.factory.xml.XmlBeanDefinitionReader.loadBeanDefinitions(XmlBeanDefinitionReader.java:342)
	at org.springframework.beans.factory.xml.XmlBeanDefinitionReader.loadBeanDefinitions(XmlBeanDefinitionReader.java:310)
	at org.springframework.beans.factory.support.AbstractBeanDefinitionReader.loadBeanDefinitions(AbstractBeanDefinitionReader.java:188)
	at org.springframework.beans.factory.support.AbstractBeanDefinitionReader.loadBeanDefinitions(AbstractBeanDefinitionReader.java:224)
	at org.springframework.beans.factory.support.AbstractBeanDefinitionReader.loadBeanDefinitions(AbstractBeanDefinitionReader.java:195)
	at org.springframework.web.context.support.XmlWebApplicationContext.loadBeanDefinitions(XmlWebApplicationContext.java:125)
	at org.springframework.web.context.support.XmlWebApplicationContext.loadBeanDefinitions(XmlWebApplicationContext.java:94)
	at org.springframework.context.support.AbstractRefreshableApplicationContext.refreshBeanFactory(AbstractRefreshableApplicationContext.java:130)
	at org.springframework.context.support.AbstractApplicationContext.obtainFreshBeanFactory(AbstractApplicationContext.java:638)
	at org.springframework.context.support.AbstractApplicationContext.refresh(AbstractApplicationContext.java:523)
	at thredds.mock.web.MockTdsContextLoader.loadContext(MockTdsContextLoader.java:37)
	at thredds.mock.web.MockTdsContextLoader.loadContext(MockTdsContextLoader.java:25)
	at org.springframework.test.context.cache.DefaultCacheAwareContextLoaderDelegate.loadContextInternal(DefaultCacheAwareContextLoaderDelegate.java:99)
	at org.springframework.test.context.cache.DefaultCacheAwareContextLoaderDelegate.loadContext(DefaultCacheAwareContextLoaderDelegate.java:124)
	... 30 more
Caused by: java.io.FileNotFoundException: class path resource [WEB-INF/applicationContext.xml] cannot be opened because it does not exist
	at org.springframework.core.io.ClassPathResource.getInputStream(ClassPathResource.java:180)
	at org.springframework.beans.factory.xml.XmlBeanDefinitionReader.loadBeanDefinitions(XmlBeanDefinitionReader.java:333)
	... 43 more
ERROR [main] context.TestContextManager.[] Jul/30 07:27:36 - Caught exception while allowing TestExecutionListener [org.springframework.test.context.web.ServletTestExecutionListener@10d59286] to prepare test instance [thredds.server.catalogservice.CatalogControllerTest@2a32de6c]
java.lang.IllegalStateException: Failed to load ApplicationContext
	at org.springframework.test.context.cache.DefaultCacheAwareContextLoaderDelegate.loadContext(DefaultCacheAwareContextLoaderDelegate.java:132)
	at org.springframework.test.context.support.DefaultTestContext.getApplicationContext(DefaultTestContext.java:123)
	at org.springframework.test.context.web.ServletTestExecutionListener.setUpRequestContextIfNecessary(ServletTestExecutionListener.java:190)
	at org.springframework.test.context.web.ServletTestExecutionListener.prepareTestInstance(ServletTestExecutionListener.java:132)
	at org.springframework.test.context.TestContextManager.prepareTestInstance(TestContextManager.java:244)
	at thredds.junit4.SpringJUnit4ParameterizedClassRunner$TestClassRunnerForParameters.createTest(SpringJUnit4ParameterizedClassRunner.java:127)
	at thredds.junit4.SpringJUnit4ParameterizedClassRunner$TestClassRunnerForParameters$1.runReflectiveCall(SpringJUnit4ParameterizedClassRunner.java:352)
	at org.junit.internal.runners.model.ReflectiveCallable.run(ReflectiveCallable.java:12)
	at thredds.junit4.SpringJUnit4ParameterizedClassRunner$TestClassRunnerForParameters.methodBlock(SpringJUnit4ParameterizedClassRunner.java:354)
	at thredds.junit4.SpringJUnit4ParameterizedClassRunner$TestClassRunnerForParameters.runChild(SpringJUnit4ParameterizedClassRunner.java:294)
	at thredds.junit4.SpringJUnit4ParameterizedClassRunner$TestClassRunnerForParameters.runChild(SpringJUnit4ParameterizedClassRunner.java:92)
	at org.junit.runners.ParentRunner$3.run(ParentRunner.java:290)
	at org.junit.runners.ParentRunner$1.schedule(ParentRunner.java:71)
	at org.junit.runners.ParentRunner.runChildren(ParentRunner.java:288)
	at org.junit.runners.ParentRunner.access$000(ParentRunner.java:58)
	at org.junit.runners.ParentRunner$2.evaluate(ParentRunner.java:268)
	at org.junit.runners.ParentRunner.run(ParentRunner.java:363)
	at thredds.junit4.SpringJUnit4ParameterizedClassRunner$TestClassRunnerForParameters.run(SpringJUnit4ParameterizedClassRunner.java:248)
	at org.junit.runners.Suite.runChild(Suite.java:128)
	at org.junit.runners.Suite.runChild(Suite.java:27)
	at org.junit.runners.ParentRunner$3.run(ParentRunner.java:290)
	at org.junit.runners.ParentRunner$1.schedule(ParentRunner.java:71)
	at org.junit.runners.ParentRunner.runChildren(ParentRunner.java:288)
	at org.junit.runners.ParentRunner.access$000(ParentRunner.java:58)
	at org.junit.runners.ParentRunner$2.evaluate(ParentRunner.java:268)
	at org.junit.runners.ParentRunner.run(ParentRunner.java:363)
	at org.junit.runner.JUnitCore.run(JUnitCore.java:137)
	at com.intellij.junit4.JUnit4IdeaTestRunner.startRunnerWithArgs(JUnit4IdeaTestRunner.java:68)
	at com.intellij.rt.junit.IdeaTestRunner$Repeater.startRunnerWithArgs(IdeaTestRunner.java:33)
	at com.intellij.rt.junit.JUnitStarter.prepareStreamsAndStart(JUnitStarter.java:230)
	at com.intellij.rt.junit.JUnitStarter.main(JUnitStarter.java:58)
Caused by: org.springframework.beans.factory.BeanDefinitionStoreException: IOException parsing XML document from class path resource [WEB-INF/applicationContext.xml]; nested exception is java.io.FileNotFoundException: class path resource [WEB-INF/applicationContext.xml] cannot be opened because it does not exist
	at org.springframework.beans.factory.xml.XmlBeanDefinitionReader.loadBeanDefinitions(XmlBeanDefinitionReader.java:342)
	at org.springframework.beans.factory.xml.XmlBeanDefinitionReader.loadBeanDefinitions(XmlBeanDefinitionReader.java:310)
	at org.springframework.beans.factory.support.AbstractBeanDefinitionReader.loadBeanDefinitions(AbstractBeanDefinitionReader.java:188)
	at org.springframework.beans.factory.support.AbstractBeanDefinitionReader.loadBeanDefinitions(AbstractBeanDefinitionReader.java:224)
	at org.springframework.beans.factory.support.AbstractBeanDefinitionReader.loadBeanDefinitions(AbstractBeanDefinitionReader.java:195)
	at org.springframework.web.context.support.XmlWebApplicationContext.loadBeanDefinitions(XmlWebApplicationContext.java:125)
	at org.springframework.web.context.support.XmlWebApplicationContext.loadBeanDefinitions(XmlWebApplicationContext.java:94)
	at org.springframework.context.support.AbstractRefreshableApplicationContext.refreshBeanFactory(AbstractRefreshableApplicationContext.java:130)
	at org.springframework.context.support.AbstractApplicationContext.obtainFreshBeanFactory(AbstractApplicationContext.java:638)
	at org.springframework.context.support.AbstractApplicationContext.refresh(AbstractApplicationContext.java:523)
	at thredds.mock.web.MockTdsContextLoader.loadContext(MockTdsContextLoader.java:37)
	at thredds.mock.web.MockTdsContextLoader.loadContext(MockTdsContextLoader.java:25)
	at org.springframework.test.context.cache.DefaultCacheAwareContextLoaderDelegate.loadContextInternal(DefaultCacheAwareContextLoaderDelegate.java:99)
	at org.springframework.test.context.cache.DefaultCacheAwareContextLoaderDelegate.loadContext(DefaultCacheAwareContextLoaderDelegate.java:124)
	... 30 more
Caused by: java.io.FileNotFoundException: class path resource [WEB-INF/applicationContext.xml] cannot be opened because it does not exist
	at org.springframework.core.io.ClassPathResource.getInputStream(ClassPathResource.java:180)
	at org.springframework.beans.factory.xml.XmlBeanDefinitionReader.loadBeanDefinitions(XmlBeanDefinitionReader.java:333)
	... 43 more
